<?xml version="1.0" encoding="UTF-8" ?>
<testsuite tests="10" failures="5" name="TestSuite" time="43.889" errors="0" skipped="0">
  <properties>
[...]
</properties>
  <testcase classname="com.platform.project.tests.FirstCollectRestAssuredTest" name="getFirstName" time="3.381"/>
  <testcase classname="com.platform.project.tests.FirstCollectRestAssuredTest" name="listUsers" time="0.352"/>
  <testcase classname="com.platform.project.tests.FirstCollectRestAssuredTest" name="statusCode200" time="0.346"/>
  <testcase classname="com.platform.project.tests.FirstCollectRestAssuredTest" name="userNotFound" time="0.299"/>
  <testcase classname="com.platform.project.tests.MTGOTradersTest" name="openEbay" time="0.067">
    <failure message="The path to the driver executable must be set by the webdriver.gecko.driver system property; for more information, see https://github.com/mozilla/geckodriver. The latest version can be downloaded from https://github.com/mozilla/geckodriver/releases" type="java.lang.IllegalStateException">java.lang.IllegalStateException: The path to the driver executable must be set by the webdriver.gecko.driver system property; for more information, see https://github.com/mozilla/geckodriver. The latest version can be downloaded from https://github.com/mozilla/geckodriver/releases
	at com.google.common.base.Preconditions.checkState(Preconditions.java:754)
	at org.openqa.selenium.remote.service.DriverService.findExecutable(DriverService.java:124)
	at org.openqa.selenium.firefox.GeckoDriverService.access$100(GeckoDriverService.java:41)
	at org.openqa.selenium.firefox.GeckoDriverService$Builder.findDefaultExecutable(GeckoDriverService.java:141)
	at org.openqa.selenium.remote.service.DriverService$Builder.build(DriverService.java:339)
	at org.openqa.selenium.firefox.FirefoxDriver.toExecutor(FirefoxDriver.java:158)
	at org.openqa.selenium.firefox.FirefoxDriver.&lt;init&gt;(FirefoxDriver.java:120)
	at org.openqa.selenium.firefox.FirefoxDriver.&lt;init&gt;(FirefoxDriver.java:98)
	at com.platform.project.tests.MTGOTradersTest.openEbay(MTGOTradersTest.java:48)
</failure>
  </testcase>
  <testcase classname="com.platform.project.tests.MTGOTradersTest" name="openHomePage" time="0.004">
    <failure type="java.lang.NullPointerException">java.lang.NullPointerException
	at com.platform.project.tests.MTGOTradersTest.openHomePage(MTGOTradersTest.java:38)
</failure>
  </testcase>
  <testcase classname="com.platform.project.tests.RedfinHomePageTest" name="gatherListOfPrices" time="11.48">
    <failure message="no such element: Unable to locate element: {&quot;method&quot;:&quot;css selector&quot;,&quot;selector&quot;:&quot;.tableList&quot;}
  (Session info: chrome=87.0.4280.88)
For documentation on this error, please visit: http://seleniumhq.org/exceptions/no_such_element.html
Build info: version: &apos;3.8.1&apos;, revision: &apos;6e95a6684b&apos;, time: &apos;2017-12-01T18:33:54.468Z&apos;
System info: host: &apos;ALEXCOMPUTER&apos;, ip: &apos;10.0.0.55&apos;, os.name: &apos;Windows 10&apos;, os.arch: &apos;amd64&apos;, os.version: &apos;10.0&apos;, java.version: &apos;11.0.2&apos;
Driver info: org.openqa.selenium.chrome.ChromeDriver
Capabilities {acceptInsecureCerts: false, browserName: chrome, browserVersion: 87.0.4280.88, chrome: {chromedriverVersion: 86.0.4240.22 (398b0743353ff..., userDataDir: C:\Users\abcle\AppData\Loca...}, goog:chromeOptions: {debuggerAddress: localhost:51324}, javascriptEnabled: true, networkConnectionEnabled: false, pageLoadStrategy: normal, platform: WINDOWS, platformName: WINDOWS, proxy: Proxy(), setWindowRect: true, strictFileInteractability: false, timeouts: {implicit: 0, pageLoad: 300000, script: 30000}, unhandledPromptBehavior: dismiss and notify, webauthn:virtualAuthenticators: true}
Session ID: f7baf61e0dce4a6d7bb0d7f59a1a7050
*** Element info: {Using=class name, value=tableList}" type="org.openqa.selenium.NoSuchElementException">org.openqa.selenium.NoSuchElementException: no such element: Unable to locate element: {&quot;method&quot;:&quot;css selector&quot;,&quot;selector&quot;:&quot;.tableList&quot;}
  (Session info: chrome=87.0.4280.88)
For documentation on this error, please visit: http://seleniumhq.org/exceptions/no_such_element.html
Build info: version: &apos;3.8.1&apos;, revision: &apos;6e95a6684b&apos;, time: &apos;2017-12-01T18:33:54.468Z&apos;
System info: host: &apos;ALEXCOMPUTER&apos;, ip: &apos;10.0.0.55&apos;, os.name: &apos;Windows 10&apos;, os.arch: &apos;amd64&apos;, os.version: &apos;10.0&apos;, java.version: &apos;11.0.2&apos;
Driver info: org.openqa.selenium.chrome.ChromeDriver
Capabilities {acceptInsecureCerts: false, browserName: chrome, browserVersion: 87.0.4280.88, chrome: {chromedriverVersion: 86.0.4240.22 (398b0743353ff..., userDataDir: C:\Users\abcle\AppData\Loca...}, goog:chromeOptions: {debuggerAddress: localhost:51324}, javascriptEnabled: true, networkConnectionEnabled: false, pageLoadStrategy: normal, platform: WINDOWS, platformName: WINDOWS, proxy: Proxy(), setWindowRect: true, strictFileInteractability: false, timeouts: {implicit: 0, pageLoad: 300000, script: 30000}, unhandledPromptBehavior: dismiss and notify, webauthn:virtualAuthenticators: true}
Session ID: f7baf61e0dce4a6d7bb0d7f59a1a7050
*** Element info: {Using=class name, value=tableList}
	at jdk.internal.reflect.GeneratedConstructorAccessor28.newInstance(Unknown Source)
	at java.base/jdk.internal.reflect.DelegatingConstructorAccessorImpl.newInstance(DelegatingConstructorAccessorImpl.java:45)
	at java.base/java.lang.reflect.Constructor.newInstance(Constructor.java:490)
	at org.openqa.selenium.remote.http.W3CHttpResponseCodec.createException(W3CHttpResponseCodec.java:187)
	at org.openqa.selenium.remote.http.W3CHttpResponseCodec.decode(W3CHttpResponseCodec.java:122)
	at org.openqa.selenium.remote.http.W3CHttpResponseCodec.decode(W3CHttpResponseCodec.java:49)
	at org.openqa.selenium.remote.HttpCommandExecutor.execute(HttpCommandExecutor.java:164)
	at org.openqa.selenium.remote.service.DriverCommandExecutor.execute(DriverCommandExecutor.java:83)
	at org.openqa.selenium.remote.RemoteWebDriver.execute(RemoteWebDriver.java:601)
	at org.openqa.selenium.remote.RemoteWebDriver.findElement(RemoteWebDriver.java:371)
	at org.openqa.selenium.remote.RemoteWebDriver.findElementByClassName(RemoteWebDriver.java:457)
	at org.openqa.selenium.By$ByClassName.findElement(By.java:391)
	at org.openqa.selenium.remote.RemoteWebDriver.findElement(RemoteWebDriver.java:363)
	at com.platform.project.pageObjects.RedfinHomePage.gatherPrices(RedfinHomePage.java:103)
	at com.platform.project.tests.RedfinHomePageTest.gatherListOfPrices(RedfinHomePageTest.java:61)
</failure>
    <system-out>[ReadPropertyFile] - Value in property file for browser is chrome
[Commons] - Environment value for browser is equal to null
[WebDriverManager] - Chrome browser detected.
[WebDriverManager] - Driver initialization successful.
[RedfinHomePage] - Opening the Redfin.com
[ReadPropertyFile] - Value in property file for redfinHomepage is https://www.redfin.com/
[Commons] -  is visible.
[Commons] - Clicking on element.
[Commons] - Sunnyvale
Sunnyvale, CA, USA is visible.
[Commons] - Clicking on element.
[Commons] - No min is visible.
[Commons] - Clicking on element.
[Commons] - $850k is visible.
[Commons] - Clicking on element.
[Commons] - No max is visible.
[Commons] - Clicking on element.
[Commons] - $950k is visible.
[Commons] - Clicking on element.
[Commons] - Table is visible.
[Commons] - Clicking on element.
</system-out>
    <system-err>Starting ChromeDriver 86.0.4240.22 (398b0743353ff36fb1b82468f63a3a93b4e2e89e-refs/branch-heads/4240@{#378}) on port 10815
Only local connections are allowed.
Please see https://chromedriver.chromium.org/security-considerations for suggestions on keeping ChromeDriver safe.
ChromeDriver was started successfully.
[1609281929.242][WARNING]: This version of ChromeDriver has not been tested with Chrome version 87.
Dec 29, 2020 5:45:31 PM org.openqa.selenium.remote.ProtocolHandshake createSession
INFO: Detected dialect: W3C
</system-err>
  </testcase>
  <testcase classname="com.platform.project.tests.RedfinHomePageTest" name="openHomePage" time="6.584"/>
  <testcase classname="com.platform.project.tests.RedfinHomePageTest" name="openSecondPage" time="9.872">
    <failure message="no such element: Unable to locate element: {&quot;method&quot;:&quot;xpath&quot;,&quot;selector&quot;:&quot;//h1[contains(text(),&apos;Sunnyvale Real Estate&apos;)]&quot;}
  (Session info: chrome=87.0.4280.88)
For documentation on this error, please visit: http://seleniumhq.org/exceptions/no_such_element.html
Build info: version: &apos;3.8.1&apos;, revision: &apos;6e95a6684b&apos;, time: &apos;2017-12-01T18:33:54.468Z&apos;
System info: host: &apos;ALEXCOMPUTER&apos;, ip: &apos;10.0.0.55&apos;, os.name: &apos;Windows 10&apos;, os.arch: &apos;amd64&apos;, os.version: &apos;10.0&apos;, java.version: &apos;11.0.2&apos;
Driver info: org.openqa.selenium.chrome.ChromeDriver
Capabilities {acceptInsecureCerts: false, browserName: chrome, browserVersion: 87.0.4280.88, chrome: {chromedriverVersion: 86.0.4240.22 (398b0743353ff..., userDataDir: C:\Users\abcle\AppData\Loca...}, goog:chromeOptions: {debuggerAddress: localhost:51457}, javascriptEnabled: true, networkConnectionEnabled: false, pageLoadStrategy: normal, platform: WINDOWS, platformName: WINDOWS, proxy: Proxy(), setWindowRect: true, strictFileInteractability: false, timeouts: {implicit: 0, pageLoad: 300000, script: 30000}, unhandledPromptBehavior: dismiss and notify, webauthn:virtualAuthenticators: true}
Session ID: 8c71176fbf06bf51097553421fe1aca7
*** Element info: {Using=xpath, value=//h1[contains(text(),&apos;Sunnyvale Real Estate&apos;)]}" type="org.openqa.selenium.NoSuchElementException">org.openqa.selenium.NoSuchElementException: no such element: Unable to locate element: {&quot;method&quot;:&quot;xpath&quot;,&quot;selector&quot;:&quot;//h1[contains(text(),&apos;Sunnyvale Real Estate&apos;)]&quot;}
  (Session info: chrome=87.0.4280.88)
For documentation on this error, please visit: http://seleniumhq.org/exceptions/no_such_element.html
Build info: version: &apos;3.8.1&apos;, revision: &apos;6e95a6684b&apos;, time: &apos;2017-12-01T18:33:54.468Z&apos;
System info: host: &apos;ALEXCOMPUTER&apos;, ip: &apos;10.0.0.55&apos;, os.name: &apos;Windows 10&apos;, os.arch: &apos;amd64&apos;, os.version: &apos;10.0&apos;, java.version: &apos;11.0.2&apos;
Driver info: org.openqa.selenium.chrome.ChromeDriver
Capabilities {acceptInsecureCerts: false, browserName: chrome, browserVersion: 87.0.4280.88, chrome: {chromedriverVersion: 86.0.4240.22 (398b0743353ff..., userDataDir: C:\Users\abcle\AppData\Loca...}, goog:chromeOptions: {debuggerAddress: localhost:51457}, javascriptEnabled: true, networkConnectionEnabled: false, pageLoadStrategy: normal, platform: WINDOWS, platformName: WINDOWS, proxy: Proxy(), setWindowRect: true, strictFileInteractability: false, timeouts: {implicit: 0, pageLoad: 300000, script: 30000}, unhandledPromptBehavior: dismiss and notify, webauthn:virtualAuthenticators: true}
Session ID: 8c71176fbf06bf51097553421fe1aca7
*** Element info: {Using=xpath, value=//h1[contains(text(),&apos;Sunnyvale Real Estate&apos;)]}
	at jdk.internal.reflect.GeneratedConstructorAccessor28.newInstance(Unknown Source)
	at java.base/jdk.internal.reflect.DelegatingConstructorAccessorImpl.newInstance(DelegatingConstructorAccessorImpl.java:45)
	at java.base/java.lang.reflect.Constructor.newInstance(Constructor.java:490)
	at org.openqa.selenium.remote.http.W3CHttpResponseCodec.createException(W3CHttpResponseCodec.java:187)
	at org.openqa.selenium.remote.http.W3CHttpResponseCodec.decode(W3CHttpResponseCodec.java:122)
	at org.openqa.selenium.remote.http.W3CHttpResponseCodec.decode(W3CHttpResponseCodec.java:49)
	at org.openqa.selenium.remote.HttpCommandExecutor.execute(HttpCommandExecutor.java:164)
	at org.openqa.selenium.remote.service.DriverCommandExecutor.execute(DriverCommandExecutor.java:83)
	at org.openqa.selenium.remote.RemoteWebDriver.execute(RemoteWebDriver.java:601)
	at org.openqa.selenium.remote.RemoteWebDriver.findElement(RemoteWebDriver.java:371)
	at org.openqa.selenium.remote.RemoteWebDriver.findElementByXPath(RemoteWebDriver.java:473)
	at org.openqa.selenium.By$ByXPath.findElement(By.java:361)
	at org.openqa.selenium.remote.RemoteWebDriver.findElement(RemoteWebDriver.java:363)
	at org.openqa.selenium.support.pagefactory.DefaultElementLocator.findElement(DefaultElementLocator.java:69)
	at org.openqa.selenium.support.pagefactory.internal.LocatingElementHandler.invoke(LocatingElementHandler.java:38)
	at com.sun.proxy.$Proxy18.getWrappedElement(Unknown Source)
	at org.openqa.selenium.remote.internal.WebElementToJsonConverter.apply(WebElementToJsonConverter.java:51)
	at com.google.common.collect.Iterators$6.transform(Iterators.java:820)
	at com.google.common.collect.TransformedIterator.next(TransformedIterator.java:48)
	at com.google.common.collect.Iterators.addAll(Iterators.java:373)
	at com.google.common.collect.Lists.newArrayList(Lists.java:165)
	at com.google.common.collect.Lists.newArrayList(Lists.java:150)
	at org.openqa.selenium.remote.RemoteWebDriver.executeScript(RemoteWebDriver.java:535)
	at com.platform.project.commons.JSUtil.drawBorder(JSUtil.java:40)
	at com.platform.project.pageObjects.RedfinHomePage.verifySecondPage(RedfinHomePage.java:75)
	at com.platform.project.tests.RedfinHomePageTest.openSecondPage(RedfinHomePageTest.java:52)
</failure>
    <system-out>[ReadPropertyFile] - Value in property file for browser is chrome
[Commons] - Environment value for browser is equal to null
[WebDriverManager] - Chrome browser detected.
[WebDriverManager] - Driver initialization successful.
[RedfinHomePage] - Opening the Redfin.com
[ReadPropertyFile] - Value in property file for redfinHomepage is https://www.redfin.com/
[Commons] -  is visible.
[Commons] - Clicking on element.
[Commons] - Sunnyvale
Sunnyvale, CA, USA is visible.
[Commons] - Clicking on element.
[RedfinHomePage] - Getting title of second page
</system-out>
    <system-err>Starting ChromeDriver 86.0.4240.22 (398b0743353ff36fb1b82468f63a3a93b4e2e89e-refs/branch-heads/4240@{#378}) on port 24844
Only local connections are allowed.
Please see https://chromedriver.chromium.org/security-considerations for suggestions on keeping ChromeDriver safe.
ChromeDriver was started successfully.
[1609281953.913][WARNING]: This version of ChromeDriver has not been tested with Chrome version 87.
Dec 29, 2020 5:45:56 PM org.openqa.selenium.remote.ProtocolHandshake createSession
INFO: Detected dialect: W3C
</system-err>
  </testcase>
  <testcase classname="com.platform.project.tests.RedfinHomePageTest" name="sunnyvaleBox" time="11.504">
    <failure type="java.lang.AssertionError:">java.lang.AssertionError: null
	at org.testng.Assert.fail(Assert.java:94)
	at org.testng.Assert.fail(Assert.java:101)
	at com.platform.project.commons.Commons.check(Commons.java:58)
	at com.platform.project.tests.RedfinHomePageTest.sunnyvaleBox(RedfinHomePageTest.java:43)
</failure>
    <system-out>[ReadPropertyFile] - Value in property file for browser is chrome
[Commons] - Environment value for browser is equal to null
[WebDriverManager] - Chrome browser detected.
[WebDriverManager] - Driver initialization successful.
[RedfinHomePage] - Opening the Redfin.com
[ReadPropertyFile] - Value in property file for redfinHomepage is https://www.redfin.com/
[Commons] -  is visible.
[Commons] - Clicking on element.
[Commons] - Sunnyvale
Sunnyvale, CA, USA is visible.
[Commons] - Clicking on element.
[RedfinHomePage] - highlighting element
[Commons] - Sunnyvale is visible.
[Commons] - Clicking on element.
[Commons] - Sunnyvale is visible.
[Commons] - ELement text is: Sunnyvale
[Commons] - Does not match.
[Commons] - 2020-12-29_17.46.19_com.platform.project.tests.RedfinHomePageTest_sunnyvaleBox.png
[Commons] - Screenshot 2020-12-29_17.46.19_com.platform.project.tests.RedfinHomePageTest_sunnyvaleBox.png taken.
</system-out>
    <system-err>Starting ChromeDriver 86.0.4240.22 (398b0743353ff36fb1b82468f63a3a93b4e2e89e-refs/branch-heads/4240@{#378}) on port 23574
Only local connections are allowed.
Please see https://chromedriver.chromium.org/security-considerations for suggestions on keeping ChromeDriver safe.
ChromeDriver was started successfully.
[1609281967.136][WARNING]: This version of ChromeDriver has not been tested with Chrome version 87.
Dec 29, 2020 5:46:09 PM org.openqa.selenium.remote.ProtocolHandshake createSession
INFO: Detected dialect: W3C
</system-err>
  </testcase>
</testsuite>